# JRE version: Java(TM) SE Runtime Environment (8.0_111-b14) (build 1.8.0_111-b14)
# Java VM: Java HotSpot(TM) Client VM (25.111-b14 mixed mode windows-x86 )
Heap:
 def new generation   total 78656K, used 78655K [0x05400000, 0x0a950000, 0x0a950000)
  eden space 69952K, 100% used [0x05400000, 0x09850000, 0x09850000)
  from space 8704K,  99% used [0x0a0d0000, 0x0a94fff8, 0x0a950000)
  to   space 8704K,   0% used [0x09850000, 0x09850000, 0x0a0d0000)
 tenured generation   total 174784K, used 174784K [0x0a950000, 0x15400000, 0x15400000)
   the space 174784K, 100% used [0x0a950000, 0x15400000, 0x0b6b6800, 0x15400000)
 Metaspace       used 87622K, capacity 94520K, committed 94708K, reserved 95616K
GC Heap History (10 events):
Event: 26533.172 GC heap after
Heap after GC invocations=438 (full 262):
 def new generation   total 78656K, used 17381K [0x05400000, 0x0a950000, 0x0a950000)
  eden space 69952K,  24% used [0x05400000, 0x064f9570, 0x09850000)
  from space 8704K,   0% used [0x0a0d0000, 0x0a0d0000, 0x0a950000)
  to   space 8704K,   0% used [0x09850000, 0x09850000, 0x0a0d0000)
 tenured generation   total 174784K, used 174783K [0x0a950000, 0x15400000, 0x15400000)
   the space 174784K,  99% used [0x0a950000, 0x153ffff8, 0x15400000, 0x15400000)
 Metaspace       used 87553K, capacity 94464K, committed 94708K, reserved 95616K
}
Event: 26646.084 GC heap before
{Heap before GC invocations=438 (full 262):
 def new generation   total 78656K, used 78655K [0x05400000, 0x0a950000, 0x0a950000)
  eden space 69952K, 100% used [0x05400000, 0x09850000, 0x09850000)
  from space 8704K,  99% used [0x0a0d0000, 0x0a94ffd8, 0x0a950000)
  to   space 8704K,   0% used [0x09850000, 0x09850000, 0x0a0d0000)
 tenured generation   total 174784K, used 174783K [0x0a950000, 0x15400000, 0x15400000)
   the space 174784K,  99% used [0x0a950000, 0x153ffff8, 0x15400000, 0x15400000)
 Metaspace       used 87555K, capacity 94467K, committed 94708K, reserved 95616K
Event: 26646.308 GC heap after
Heap after GC invocations=439 (full 263):
 def new generation   total 78656K, used 17210K [0x05400000, 0x0a950000, 0x0a950000)
  eden space 69952K,  24% used [0x05400000, 0x064cead0, 0x09850000)
  from space 8704K,   0% used [0x0a0d0000, 0x0a0d0000, 0x0a950000)
  to   space 8704K,   0% used [0x09850000, 0x09850000, 0x0a0d0000)
 tenured generation   total 174784K, used 174783K [0x0a950000, 0x15400000, 0x15400000)
   the space 174784K,  99% used [0x0a950000, 0x153ffff8, 0x15400000, 0x15400000)
 Metaspace       used 87555K, capacity 94467K, committed 94708K, reserved 95616K
}
Event: 26688.276 GC heap before
{Heap before GC invocations=439 (full 263):
 def new generation   total 78656K, used 78656K [0x05400000, 0x0a950000, 0x0a950000)
  eden space 69952K, 100% used [0x05400000, 0x09850000, 0x09850000)
  from space 8704K, 100% used [0x0a0d0000, 0x0a950000, 0x0a950000)
  to   space 8704K,   0% used [0x09850000, 0x09850000, 0x0a0d0000)
 tenured generation   total 174784K, used 174783K [0x0a950000, 0x15400000, 0x15400000)
   the space 174784K,  99% used [0x0a950000, 0x153ffff8, 0x15400000, 0x15400000)
 Metaspace       used 87558K, capacity 94472K, committed 94708K, reserved 95616K
Event: 26688.542 GC heap after
Heap after GC invocations=440 (full 264):
 def new generation   total 78656K, used 11647K [0x05400000, 0x0a950000, 0x0a950000)
  eden space 69952K,  16% used [0x05400000, 0x05f5fd78, 0x09850000)
  from space 8704K,   0% used [0x0a0d0000, 0x0a0d0000, 0x0a950000)
  to   space 8704K,   0% used [0x09850000, 0x09850000, 0x0a0d0000)
 tenured generation   total 174784K, used 174783K [0x0a950000, 0x15400000, 0x15400000)
   the space 174784K,  99% used [0x0a950000, 0x153fffb8, 0x15400000, 0x15400000)
 Metaspace       used 86572K, capacity 93415K, committed 94708K, reserved 95616K
}
Event: 26689.361 GC heap before
{Heap before GC invocations=440 (full 264):
 def new generation   total 78656K, used 78655K [0x05400000, 0x0a950000, 0x0a950000)
  eden space 69952K, 100% used [0x05400000, 0x09850000, 0x09850000)
  from space 8704K,  99% used [0x0a0d0000, 0x0a94fff8, 0x0a950000)
  to   space 8704K,   0% used [0x09850000, 0x09850000, 0x0a0d0000)
 tenured generation   total 174784K, used 174783K [0x0a950000, 0x15400000, 0x15400000)
   the space 174784K,  99% used [0x0a950000, 0x153fffe8, 0x15400000, 0x15400000)
 Metaspace       used 87510K, capacity 94404K, committed 94708K, reserved 95616K
Event: 26689.579 GC heap after
Heap after GC invocations=441 (full 265):
 def new generation   total 78656K, used 14886K [0x05400000, 0x0a950000, 0x0a950000)
  eden space 69952K,  21% used [0x05400000, 0x06289820, 0x09850000)
  from space 8704K,   0% used [0x0a0d0000, 0x0a0d0000, 0x0a950000)
  to   space 8704K,   0% used [0x09850000, 0x09850000, 0x0a0d0000)
 tenured generation   total 174784K, used 174783K [0x0a950000, 0x15400000, 0x15400000)
   the space 174784K,  99% used [0x0a950000, 0x153fffe8, 0x15400000, 0x15400000)
 Metaspace       used 87508K, capacity 94402K, committed 94708K, reserved 95616K
}
Event: 26689.833 GC heap before
{Heap before GC invocations=441 (full 265):
 def new generation   total 78656K, used 78655K [0x05400000, 0x0a950000, 0x0a950000)
  eden space 69952K, 100% used [0x05400000, 0x09850000, 0x09850000)
  from space 8704K,  99% used [0x0a0d0000, 0x0a94ffb0, 0x0a950000)
  to   space 8704K,   0% used [0x09850000, 0x09850000, 0x0a0d0000)
 tenured generation   total 174784K, used 174783K [0x0a950000, 0x15400000, 0x15400000)
   the space 174784K,  99% used [0x0a950000, 0x153fffe8, 0x15400000, 0x15400000)
 Metaspace       used 87511K, capacity 94407K, committed 94708K, reserved 95616K
Event: 26690.055 GC heap after
Heap after GC invocations=442 (full 266):
 def new generation   total 78656K, used 16081K [0x05400000, 0x0a950000, 0x0a950000)
  eden space 69952K,  22% used [0x05400000, 0x063b4410, 0x09850000)
  from space 8704K,   0% used [0x0a0d0000, 0x0a0d0000, 0x0a950000)
  to   space 8704K,   0% used [0x09850000, 0x09850000, 0x0a0d0000)
 tenured generation   total 174784K, used 174783K [0x0a950000, 0x15400000, 0x15400000)
   the space 174784K,  99% used [0x0a950000, 0x153fffe8, 0x15400000, 0x15400000)
 Metaspace       used 87511K, capacity 94407K, committed 94708K, reserved 95616K
}
Event: 26712.226 GC heap before
{Heap before GC invocations=442 (full 266):
 def new generation   total 78656K, used 78655K [0x05400000, 0x0a950000, 0x0a950000)
  eden space 69952K, 100% used [0x05400000, 0x09850000, 0x09850000)
  from space 8704K,  99% used [0x0a0d0000, 0x0a94fff8, 0x0a950000)
  to   space 8704K,   0% used [0x09850000, 0x09850000, 0x0a0d0000)
 tenured generation   total 174784K, used 174784K [0x0a950000, 0x15400000, 0x15400000)
   the space 174784K, 100% used [0x0a950000, 0x15400000, 0x15400000, 0x15400000)
 Metaspace       used 87622K, capacity 94520K, committed 94708K, reserved 95616K

